c:\users\taery\documents\megasync\visual studio\game engines 4 - engine\game engines 4 - engine\debug\vc142.pdb
c:\users\taery\documents\megasync\visual studio\game engines 4 - engine\game engines 4 - engine\debug\vc142.idb
c:\users\taery\documents\megasync\visual studio\game engines 4 - engine\game engines 4 - engine\debug\texturehandler.obj
c:\users\taery\documents\megasync\visual studio\game engines 4 - engine\game engines 4 - engine\debug\shaderhandler.obj
c:\users\taery\documents\megasync\visual studio\game engines 4 - engine\game engines 4 - engine\debug\model.obj
c:\users\taery\documents\megasync\visual studio\game engines 4 - engine\game engines 4 - engine\debug\mesh.obj
c:\users\taery\documents\megasync\visual studio\game engines 4 - engine\game engines 4 - engine\debug\startscene.obj
c:\users\taery\documents\megasync\visual studio\game engines 4 - engine\game engines 4 - engine\debug\timer.obj
c:\users\taery\documents\megasync\visual studio\game engines 4 - engine\game engines 4 - engine\debug\window.obj
c:\users\taery\documents\megasync\visual studio\game engines 4 - engine\game engines 4 - engine\debug\main.obj
c:\users\taery\documents\megasync\visual studio\game engines 4 - engine\game engines 4 - engine\debug\loadobjmodel.obj
c:\users\taery\documents\megasync\visual studio\game engines 4 - engine\game engines 4 - engine\debug\lightsource.obj
c:\users\taery\documents\megasync\visual studio\game engines 4 - engine\game engines 4 - engine\debug\game0.obj
c:\users\taery\documents\megasync\visual studio\game engines 4 - engine\game engines 4 - engine\debug\gamescene.obj
c:\users\taery\documents\megasync\visual studio\game engines 4 - engine\game engines 4 - engine\debug\gameobject.obj
c:\users\taery\documents\megasync\visual studio\game engines 4 - engine\game engines 4 - engine\debug\debug.obj
c:\users\taery\documents\megasync\visual studio\game engines 4 - engine\game engines 4 - engine\debug\camera.obj
c:\users\taery\documents\megasync\visual studio\game engines 4 - engine\game engines 4 - engine\debug\eventlistener.obj
c:\users\taery\documents\megasync\visual studio\game engines 4 - engine\game engines 4 - engine\debug\coreengine.obj
c:\users\taery\documents\megasync\visual studio\game engines 4 - engine\game engines 4 - engine\debug\mouseeventlistener.obj
c:\users\taery\documents\megasync\visual studio\game engines 4 - engine\game engines 4 - engine\debug\boundingbox.obj
c:\users\taery\documents\megasync\visual studio\game engines 4 - engine\debug\game engines 4 - engine.exe
c:\users\taery\documents\megasync\visual studio\game engines 4 - engine\debug\game engines 4 - engine.ilk
c:\users\taery\documents\megasync\visual studio\game engines 4 - engine\debug\game engines 4 - engine.pdb
c:\users\taery\documents\megasync\visual studio\game engines 4 - engine\game engines 4 - engine\debug\game eng.9f51a347.tlog\cl.command.1.tlog
c:\users\taery\documents\megasync\visual studio\game engines 4 - engine\game engines 4 - engine\debug\game eng.9f51a347.tlog\cl.read.1.tlog
c:\users\taery\documents\megasync\visual studio\game engines 4 - engine\game engines 4 - engine\debug\game eng.9f51a347.tlog\cl.write.1.tlog
c:\users\taery\documents\megasync\visual studio\game engines 4 - engine\game engines 4 - engine\debug\game eng.9f51a347.tlog\link.command.1.tlog
c:\users\taery\documents\megasync\visual studio\game engines 4 - engine\game engines 4 - engine\debug\game eng.9f51a347.tlog\link.read.1.tlog
c:\users\taery\documents\megasync\visual studio\game engines 4 - engine\game engines 4 - engine\debug\game eng.9f51a347.tlog\link.write.1.tlog
