  CollisionHandler.cpp
  CollisionDetection.cpp
  Camera.cpp
  CoreEngine.cpp
  EventListener.cpp
  GameScene.cpp
D:\Megasync\Visual Studio\Game Engines 4 - Engine - Copy\Game Engines 4 - Engine\Engine\Rendering\3D\GameObject.h(76,1): error C2681: 'int': invalid expression type for dynamic_cast
D:\Megasync\Visual Studio\Game Engines 4 - Engine - Copy\Game Engines 4 - Engine\Game\Scenes\GameScene.cpp(36): message : see reference to function template instantiation 'void GameObject::RemoveComponent<Component1>(void)' being compiled
D:\Megasync\Visual Studio\Game Engines 4 - Engine - Copy\Game Engines 4 - Engine\Engine\Rendering\3D\GameObject.h(78,1): error C2679: binary '=': no operator found which takes a right-hand operand of type 'nullptr' (or there is no acceptable conversion)
C:\Program Files (x86)\Microsoft Visual Studio\2019\Community\VC\Tools\MSVC\14.26.28801\include\vector(1175,13): message : could be 'std::vector<Component *,std::allocator<Component *>> &std::vector<Component *,std::allocator<Component *>>::operator =(std::initializer_list<_Ty>)'
          with
          [
              _Ty=Component *
          ]
C:\Program Files (x86)\Microsoft Visual Studio\2019\Community\VC\Tools\MSVC\14.26.28801\include\vector(1167,13): message : or       'std::vector<Component *,std::allocator<Component *>> &std::vector<Component *,std::allocator<Component *>>::operator =(const std::vector<Component *,std::allocator<Component *>> &)'
C:\Program Files (x86)\Microsoft Visual Studio\2019\Community\VC\Tools\MSVC\14.26.28801\include\vector(664,13): message : or       'std::vector<Component *,std::allocator<Component *>> &std::vector<Component *,std::allocator<Component *>>::operator =(std::vector<Component *,std::allocator<Component *>> &&) noexcept(<expr>)'
D:\Megasync\Visual Studio\Game Engines 4 - Engine - Copy\Game Engines 4 - Engine\Engine\Rendering\3D\GameObject.h(78,1): message : while trying to match the argument list '(std::vector<Component *,std::allocator<Component *>>, nullptr)'
  Game0.cpp
  Main.cpp
  StartScene.cpp
  MouseEventListener.cpp
D:\Megasync\Visual Studio\Game Engines 4 - Engine - Copy\Game Engines 4 - Engine\Engine\Events\MouseEventListener.cpp(95,54): warning C4244: '=': conversion from 'T' to 'int', possible loss of data
          with
          [
              T=float
          ]
D:\Megasync\Visual Studio\Game Engines 4 - Engine - Copy\Game Engines 4 - Engine\Engine\Events\MouseEventListener.cpp(99,27): warning C4244: '=': conversion from 'int' to 'T', possible loss of data
          with
          [
              T=float
          ]
D:\Megasync\Visual Studio\Game Engines 4 - Engine - Copy\Game Engines 4 - Engine\Engine\Events\MouseEventListener.cpp(100,27): warning C4244: '=': conversion from 'int' to 'T', possible loss of data
          with
          [
              T=float
          ]
D:\Megasync\Visual Studio\Game Engines 4 - Engine - Copy\Game Engines 4 - Engine\Engine\Events\MouseEventListener.cpp(106,13): warning C4244: '=': conversion from 'int' to 'T', possible loss of data
          with
          [
              T=float
          ]
D:\Megasync\Visual Studio\Game Engines 4 - Engine - Copy\Game Engines 4 - Engine\Engine\Events\MouseEventListener.cpp(107,13): warning C4244: '=': conversion from 'int' to 'T', possible loss of data
          with
          [
              T=float
          ]
  SceneGraph.cpp
  Generating Code...
