  AudioHandler.cpp
D:\Megasync\Visual Studio\Game Engines 4 - Engine\Game Engines 4 - Engine\Engine\Audio\AudioHandler.h(7,10): fatal error C1083: Cannot open include file: 'fmod.hpp': No such file or directory
  CollisionHandler.cpp
  CollisionDetection.cpp
  Camera.cpp
  Debug.cpp
  CoreEngine.cpp
  GameObject.cpp
  EventListener.cpp
  GameScene.cpp
  Game0.cpp
  LightSource.cpp
  LoadOBJModel.cpp
D:\Megasync\Visual Studio\Game Engines 4 - Engine\Game Engines 4 - Engine\Engine\Rendering\3D\LoadOBJModel.cpp(84,30): warning C4267: 'initializing': conversion from 'size_t' to 'int', possible loss of data
D:\Megasync\Visual Studio\Game Engines 4 - Engine\Game Engines 4 - Engine\Engine\Rendering\3D\LoadOBJModel.cpp(98,26): warning C4267: '=': conversion from 'size_t' to 'int', possible loss of data
D:\Megasync\Visual Studio\Game Engines 4 - Engine\Game Engines 4 - Engine\Engine\Rendering\3D\LoadOBJModel.cpp(114,26): warning C4267: '=': conversion from 'size_t' to 'int', possible loss of data
  Component1.cpp
  Component2.cpp
  Component3.cpp
  Main.cpp
  Window.cpp
  Timer.cpp
  StartScene.cpp
  Mesh.cpp
D:\Megasync\Visual Studio\Game Engines 4 - Engine\Game Engines 4 - Engine\Engine\Rendering\3D\Mesh.cpp(41,57): warning C4267: 'argument': conversion from 'size_t' to 'GLsizei', possible loss of data
  Generating Code...
  Compiling...
  Model.cpp
D:\Megasync\Visual Studio\Game Engines 4 - Engine\Game Engines 4 - Engine\Engine\Rendering\3D\Model.cpp(54,34): warning C4267: 'return': conversion from 'size_t' to 'int', possible loss of data
  ShaderHandler.cpp
D:\Megasync\Visual Studio\Game Engines 4 - Engine\Game Engines 4 - Engine\Engine\Graphics\ShaderHandler.cpp(118,43): warning C4267: 'initializing': conversion from 'size_t' to 'int', possible loss of data
D:\Megasync\Visual Studio\Game Engines 4 - Engine\Game Engines 4 - Engine\Engine\Graphics\ShaderHandler.cpp(118,43): warning C4267: 'initializing': conversion from 'size_t' to 'const int', possible loss of data
  TextureHandler.cpp
D:\Megasync\Visual Studio\Game Engines 4 - Engine\Game Engines 4 - Engine\Engine\Graphics\TextureHandler.cpp(68,20): warning C4244: '=': conversion from 'int' to 'float', possible loss of data
D:\Megasync\Visual Studio\Game Engines 4 - Engine\Game Engines 4 - Engine\Engine\Graphics\TextureHandler.cpp(69,21): warning C4244: '=': conversion from 'int' to 'float', possible loss of data
  MouseEventListener.cpp
D:\Megasync\Visual Studio\Game Engines 4 - Engine\Game Engines 4 - Engine\Engine\Events\MouseEventListener.cpp(95,54): warning C4244: '=': conversion from 'T' to 'int', possible loss of data
          with
          [
              T=float
          ]
D:\Megasync\Visual Studio\Game Engines 4 - Engine\Game Engines 4 - Engine\Engine\Events\MouseEventListener.cpp(99,27): warning C4244: '=': conversion from 'int' to 'T', possible loss of data
          with
          [
              T=float
          ]
D:\Megasync\Visual Studio\Game Engines 4 - Engine\Game Engines 4 - Engine\Engine\Events\MouseEventListener.cpp(100,27): warning C4244: '=': conversion from 'int' to 'T', possible loss of data
          with
          [
              T=float
          ]
D:\Megasync\Visual Studio\Game Engines 4 - Engine\Game Engines 4 - Engine\Engine\Events\MouseEventListener.cpp(106,13): warning C4244: '=': conversion from 'int' to 'T', possible loss of data
          with
          [
              T=float
          ]
D:\Megasync\Visual Studio\Game Engines 4 - Engine\Game Engines 4 - Engine\Engine\Events\MouseEventListener.cpp(107,13): warning C4244: '=': conversion from 'int' to 'T', possible loss of data
          with
          [
              T=float
          ]
  SceneGraph.cpp
  MaterialHandler.cpp
  MaterialLoader.cpp
  Particle.cpp
  SpriteSurface.cpp
  Generating Code...
